{
  "RSpec": {
    "coverage": {
      "/home/jack/tic-tac-toe-rb-nyc-fastttrack-011120/lib/tic_tac_toe.rb": [
        1,
        null,
        1,
        null,
        1,
        5,
        5,
        5,
        5,
        5,
        null,
        null,
        1,
        3,
        null,
        null,
        1,
        3,
        null,
        null,
        1,
        6,
        null,
        null,
        1,
        11,
        null,
        null,
        1,
        8,
        8,
        8,
        0,
        null,
        0,
        null,
        0,
        null,
        null,
        1,
        2,
        2,
        18,
        5,
        null,
        null,
        2,
        null,
        null,
        1,
        1,
        1,
        0,
        null,
        null,
        null,
        1,
        39,
        221,
        14,
        207,
        6,
        null,
        null,
        null,
        null,
        null,
        null,
        1,
        14,
        14,
        126,
        87,
        null,
        null,
        14,
        8,
        null,
        6,
        null,
        null,
        null,
        1,
        13,
        null,
        null,
        1,
        11,
        8,
        null,
        3,
        null,
        null,
        null,
        1,
        6,
        5,
        null,
        null,
        null,
        null,
        null,
        1,
        12,
        6,
        null,
        6,
        3,
        3,
        2,
        null,
        null
      ]
    },
    "timestamp": 1579147829
  }
}
