{
  "RSpec": {
    "coverage": {
      "/home/jack/tic-tac-toe-rb-nyc-fastttrack-011120/lib/tic_tac_toe.rb": [
        1,
        null,
        1,
        null,
        1,
        5,
        5,
        5,
        5,
        5,
        null,
        null,
        1,
        12,
        null,
        null,
        1,
        2,
        2,
        null,
        null,
        1,
        14,
        null,
        null,
        1,
        12,
        null,
        null,
        1,
        11,
        11,
        9,
        9,
        8,
        0,
        null,
        1,
        null,
        null,
        null,
        1,
        2,
        2,
        18,
        5,
        null,
        null,
        2,
        null,
        null,
        1,
        1,
        1,
        0,
        null,
        null,
        null,
        1,
        43,
        253,
        14,
        239,
        6,
        null,
        null,
        null,
        null,
        null,
        null,
        1,
        18,
        18,
        162,
        91,
        null,
        null,
        18,
        8,
        null,
        10,
        null,
        null,
        null,
        1,
        15,
        null,
        null,
        1,
        13,
        8,
        null,
        5,
        null,
        null,
        null,
        1,
        6,
        5,
        null,
        null,
        null,
        null,
        null,
        1,
        14,
        8,
        null,
        6,
        3,
        3,
        2,
        null,
        null
      ]
    },
    "timestamp": 1579148196
  }
}
